# JRE version: OpenJDK Runtime Environment Temurin-21.0.10+7 (21.0.10+7) (build 21.0.10+7-LTS)
# Java VM: OpenJDK 64-Bit Server VM Temurin-21.0.10+7 (21.0.10+7-LTS, mixed mode, sharing, tiered, compressed oops, compressed class ptrs, g1 gc, windows-amd64)
GC Precious Log:
 CardTable entry size: 512
 Card Set container configuration: InlinePtr #cards 5 size 8 Array Of Cards #cards 12 size 40 Howl #buckets 4 coarsen threshold 1843 Howl Bitmap #cards 512 size 80 coarsen threshold 460 Card regions per heap region 1 cards per card region 2048
 CPUs: 12 total, 12 available
 Memory: 5989M
 Large Page Support: Disabled
 NUMA Support: Disabled
 Compressed Oops: Enabled (32-bit)
 Heap Region Size: 1M
 Heap Min Capacity: 8M
 Heap Initial Capacity: 94M
 Heap Max Capacity: 1G
 Pre-touch: Disabled
 Parallel Workers: 10
 Concurrent Workers: 3
 Concurrent Refinement Workers: 10
 Periodic GC: Disabled
Heap:
 garbage-first heap   total 135168K, used 90020K [0x00000000c0000000, 0x0000000100000000)
  region size 1024K, 15 young (15360K), 4 survivors (4096K)
 Metaspace       used 72358K, committed 74432K, reserved 491520K
  class space    used 10604K, committed 11648K, reserved 425984K
GC Heap History (20 events):
Event: 186.742 GC heap before
{Heap before GC invocations=22 (full 0):
 garbage-first heap   total 99328K, used 90795K [0x00000000c0000000, 0x0000000100000000)
  region size 1024K, 32 young (32768K), 3 survivors (3072K)
 Metaspace       used 64347K, committed 66304K, reserved 491520K
  class space    used 9428K, committed 10368K, reserved 425984K
}
Event: 186.752 GC heap after
{Heap after GC invocations=23 (full 0):
 garbage-first heap   total 99328K, used 62857K [0x00000000c0000000, 0x0000000100000000)
  region size 1024K, 3 young (3072K), 3 survivors (3072K)
 Metaspace       used 64347K, committed 66304K, reserved 491520K
  class space    used 9428K, committed 10368K, reserved 425984K
}
Event: 190.725 GC heap before
{Heap before GC invocations=23 (full 0):
 garbage-first heap   total 99328K, used 90505K [0x00000000c0000000, 0x0000000100000000)
  region size 1024K, 31 young (31744K), 3 survivors (3072K)
 Metaspace       used 65739K, committed 67648K, reserved 491520K
  class space    used 9619K, committed 10560K, reserved 425984K
}
Event: 190.739 GC heap after
{Heap after GC invocations=24 (full 0):
 garbage-first heap   total 99328K, used 66619K [0x00000000c0000000, 0x0000000100000000)
  region size 1024K, 4 young (4096K), 4 survivors (4096K)
 Metaspace       used 65739K, committed 67648K, reserved 491520K
  class space    used 9619K, committed 10560K, reserved 425984K
}
Event: 195.062 GC heap before
{Heap before GC invocations=25 (full 0):
 garbage-first heap   total 111616K, used 90171K [0x00000000c0000000, 0x0000000100000000)
  region size 1024K, 28 young (28672K), 4 survivors (4096K)
 Metaspace       used 67212K, committed 69184K, reserved 491520K
  class space    used 9830K, committed 10816K, reserved 425984K
}
Event: 195.071 GC heap after
{Heap after GC invocations=26 (full 0):
 garbage-first heap   total 111616K, used 67657K [0x00000000c0000000, 0x0000000100000000)
  region size 1024K, 3 young (3072K), 3 survivors (3072K)
 Metaspace       used 67212K, committed 69184K, reserved 491520K
  class space    used 9830K, committed 10816K, reserved 425984K
}
Event: 219.726 GC heap before
{Heap before GC invocations=26 (full 0):
 garbage-first heap   total 111616K, used 99401K [0x00000000c0000000, 0x0000000100000000)
  region size 1024K, 35 young (35840K), 3 survivors (3072K)
 Metaspace       used 69908K, committed 72000K, reserved 491520K
  class space    used 10272K, committed 11328K, reserved 425984K
}
Event: 219.762 GC heap after
{Heap after GC invocations=27 (full 0):
 garbage-first heap   total 111616K, used 68642K [0x00000000c0000000, 0x0000000100000000)
  region size 1024K, 5 young (5120K), 5 survivors (5120K)
 Metaspace       used 69908K, committed 72000K, reserved 491520K
  class space    used 10272K, committed 11328K, reserved 425984K
}
Event: 237.930 GC heap before
{Heap before GC invocations=27 (full 0):
 garbage-first heap   total 111616K, used 100386K [0x00000000c0000000, 0x0000000100000000)
  region size 1024K, 37 young (37888K), 5 survivors (5120K)
 Metaspace       used 71670K, committed 73792K, reserved 491520K
  class space    used 10581K, committed 11648K, reserved 425984K
}
Event: 238.023 GC heap after
{Heap after GC invocations=28 (full 0):
 garbage-first heap   total 111616K, used 73127K [0x00000000c0000000, 0x0000000100000000)
  region size 1024K, 5 young (5120K), 5 survivors (5120K)
 Metaspace       used 71670K, committed 73792K, reserved 491520K
  class space    used 10581K, committed 11648K, reserved 425984K
}
Event: 251.266 GC heap before
{Heap before GC invocations=29 (full 0):
 garbage-first heap   total 122880K, used 99751K [0x00000000c0000000, 0x0000000100000000)
  region size 1024K, 32 young (32768K), 5 survivors (5120K)
 Metaspace       used 72127K, committed 74240K, reserved 491520K
  class space    used 10602K, committed 11648K, reserved 425984K
}
Event: 251.309 GC heap after
{Heap after GC invocations=30 (full 0):
 garbage-first heap   total 122880K, used 77824K [0x00000000c0000000, 0x0000000100000000)
  region size 1024K, 4 young (4096K), 4 survivors (4096K)
 Metaspace       used 72127K, committed 74240K, reserved 491520K
  class space    used 10602K, committed 11648K, reserved 425984K
}
Event: 265.280 GC heap before
{Heap before GC invocations=30 (full 0):
 garbage-first heap   total 122880K, used 108544K [0x00000000c0000000, 0x0000000100000000)
  region size 1024K, 35 young (35840K), 4 survivors (4096K)
 Metaspace       used 72296K, committed 74432K, reserved 491520K
  class space    used 10604K, committed 11648K, reserved 425984K
}
Event: 265.348 GC heap after
{Heap after GC invocations=31 (full 0):
 garbage-first heap   total 122880K, used 78644K [0x00000000c0000000, 0x0000000100000000)
  region size 1024K, 4 young (4096K), 4 survivors (4096K)
 Metaspace       used 72296K, committed 74432K, reserved 491520K
  class space    used 10604K, committed 11648K, reserved 425984K
}
Event: 289.958 GC heap before
{Heap before GC invocations=31 (full 0):
 garbage-first heap   total 122880K, used 109364K [0x00000000c0000000, 0x0000000100000000)
  region size 1024K, 35 young (35840K), 4 survivors (4096K)
 Metaspace       used 72331K, committed 74432K, reserved 491520K
  class space    used 10604K, committed 11648K, reserved 425984K
}
Event: 290.026 GC heap after
{Heap after GC invocations=32 (full 0):
 garbage-first heap   total 122880K, used 79527K [0x00000000c0000000, 0x0000000100000000)
  region size 1024K, 4 young (4096K), 4 survivors (4096K)
 Metaspace       used 72331K, committed 74432K, reserved 491520K
  class space    used 10604K, committed 11648K, reserved 425984K
}
Event: 311.665 GC heap before
{Heap before GC invocations=33 (full 0):
 garbage-first heap   total 135168K, used 110247K [0x00000000c0000000, 0x0000000100000000)
  region size 1024K, 34 young (34816K), 4 survivors (4096K)
 Metaspace       used 72339K, committed 74432K, reserved 491520K
  class space    used 10604K, committed 11648K, reserved 425984K
}
Event: 311.681 GC heap after
{Heap after GC invocations=34 (full 0):
 garbage-first heap   total 135168K, used 80447K [0x00000000c0000000, 0x0000000100000000)
  region size 1024K, 4 young (4096K), 4 survivors (4096K)
 Metaspace       used 72339K, committed 74432K, reserved 491520K
  class space    used 10604K, committed 11648K, reserved 425984K
}
Event: 342.140 GC heap before
{Heap before GC invocations=34 (full 0):
 garbage-first heap   total 135168K, used 121407K [0x00000000c0000000, 0x0000000100000000)
  region size 1024K, 44 young (45056K), 4 survivors (4096K)
 Metaspace       used 72353K, committed 74432K, reserved 491520K
  class space    used 10604K, committed 11648K, reserved 425984K
}
Event: 342.232 GC heap after
{Heap after GC invocations=35 (full 0):
 garbage-first heap   total 135168K, used 79780K [0x00000000c0000000, 0x0000000100000000)
  region size 1024K, 4 young (4096K), 4 survivors (4096K)
 Metaspace       used 72353K, committed 74432K, reserved 491520K
  class space    used 10604K, committed 11648K, reserved 425984K
}

