# JRE version: OpenJDK Runtime Environment Temurin-21.0.10+7 (21.0.10+7) (build 21.0.10+7-LTS)
# Java VM: OpenJDK 64-Bit Server VM Temurin-21.0.10+7 (21.0.10+7-LTS, mixed mode, sharing, tiered, compressed oops, compressed class ptrs, parallel gc, windows-amd64)
GC Precious Log:
 CardTable entry size: 512
 CPUs: 12 total, 12 available
 Memory: 5989M
 Large Page Support: Disabled
 NUMA Support: Disabled
 Compressed Oops: Enabled (32-bit)
 Alignments: Space 512K, Generation 512K, Heap 2M
 Heap Min Capacity: 100M
 Heap Initial Capacity: 100M
 Heap Max Capacity: 2G
 Pre-touch: Disabled
 Parallel Workers: 10
Heap:
 PSYoungGen      total 15360K, used 6446K [0x00000000d5580000, 0x00000000d6980000, 0x0000000100000000)
  eden space 14336K, 44% used [0x00000000d5580000,0x00000000d5bcb9b8,0x00000000d6380000)
  from space 1024K, 0% used [0x00000000d6780000,0x00000000d6780000,0x00000000d6880000)
  to   space 1024K, 0% used [0x00000000d6880000,0x00000000d6880000,0x00000000d6980000)
 ParOldGen       total 68608K, used 39745K [0x0000000080000000, 0x0000000084300000, 0x00000000d5580000)
  object space 68608K, 57% used [0x0000000080000000,0x00000000826d05c0,0x0000000084300000)
 Metaspace       used 58770K, committed 60288K, reserved 1114112K
  class space    used 7001K, committed 7616K, reserved 1048576K
GC Heap History (20 events):
Event: 44.559 GC heap before
{Heap before GC invocations=25 (full 2):
 PSYoungGen      total 14848K, used 14848K [0x00000000d5580000, 0x00000000d6b00000, 0x0000000100000000)
  eden space 14336K, 100% used [0x00000000d5580000,0x00000000d6380000,0x00000000d6380000)
  from space 512K, 100% used [0x00000000d6a80000,0x00000000d6b00000,0x00000000d6b00000)
  to   space 1536K, 0% used [0x00000000d6800000,0x00000000d6800000,0x00000000d6980000)
 ParOldGen       total 68608K, used 34688K [0x0000000080000000, 0x0000000084300000, 0x00000000d5580000)
  object space 68608K, 50% used [0x0000000080000000,0x00000000821e0120,0x0000000084300000)
 Metaspace       used 50706K, committed 51968K, reserved 1114112K
  class space    used 5774K, committed 6336K, reserved 1048576K
}
Event: 44.595 GC heap after
{Heap after GC invocations=25 (full 2):
 PSYoungGen      total 15872K, used 576K [0x00000000d5580000, 0x00000000d6b00000, 0x0000000100000000)
  eden space 14336K, 0% used [0x00000000d5580000,0x00000000d5580000,0x00000000d6380000)
  from space 1536K, 37% used [0x00000000d6800000,0x00000000d6890000,0x00000000d6980000)
  to   space 1024K, 0% used [0x00000000d6a00000,0x00000000d6a00000,0x00000000d6b00000)
 ParOldGen       total 68608K, used 35000K [0x0000000080000000, 0x0000000084300000, 0x00000000d5580000)
  object space 68608K, 51% used [0x0000000080000000,0x000000008222e120,0x0000000084300000)
 Metaspace       used 50706K, committed 51968K, reserved 1114112K
  class space    used 5774K, committed 6336K, reserved 1048576K
}
Event: 46.040 GC heap before
{Heap before GC invocations=26 (full 2):
 PSYoungGen      total 15872K, used 14912K [0x00000000d5580000, 0x00000000d6b00000, 0x0000000100000000)
  eden space 14336K, 100% used [0x00000000d5580000,0x00000000d6380000,0x00000000d6380000)
  from space 1536K, 37% used [0x00000000d6800000,0x00000000d6890000,0x00000000d6980000)
  to   space 1024K, 0% used [0x00000000d6a00000,0x00000000d6a00000,0x00000000d6b00000)
 ParOldGen       total 68608K, used 35000K [0x0000000080000000, 0x0000000084300000, 0x00000000d5580000)
  object space 68608K, 51% used [0x0000000080000000,0x000000008222e120,0x0000000084300000)
 Metaspace       used 50706K, committed 51968K, reserved 1114112K
  class space    used 5774K, committed 6336K, reserved 1048576K
}
Event: 46.042 GC heap after
{Heap after GC invocations=26 (full 2):
 PSYoungGen      total 15360K, used 576K [0x00000000d5580000, 0x00000000d6b00000, 0x0000000100000000)
  eden space 14336K, 0% used [0x00000000d5580000,0x00000000d5580000,0x00000000d6380000)
  from space 1024K, 56% used [0x00000000d6a00000,0x00000000d6a90000,0x00000000d6b00000)
  to   space 1024K, 0% used [0x00000000d6900000,0x00000000d6900000,0x00000000d6a00000)
 ParOldGen       total 68608K, used 35416K [0x0000000080000000, 0x0000000084300000, 0x00000000d5580000)
  object space 68608K, 51% used [0x0000000080000000,0x0000000082296120,0x0000000084300000)
 Metaspace       used 50706K, committed 51968K, reserved 1114112K
  class space    used 5774K, committed 6336K, reserved 1048576K
}
Event: 52.484 GC heap before
{Heap before GC invocations=27 (full 2):
 PSYoungGen      total 15360K, used 14912K [0x00000000d5580000, 0x00000000d6b00000, 0x0000000100000000)
  eden space 14336K, 100% used [0x00000000d5580000,0x00000000d6380000,0x00000000d6380000)
  from space 1024K, 56% used [0x00000000d6a00000,0x00000000d6a90000,0x00000000d6b00000)
  to   space 1024K, 0% used [0x00000000d6900000,0x00000000d6900000,0x00000000d6a00000)
 ParOldGen       total 68608K, used 35416K [0x0000000080000000, 0x0000000084300000, 0x00000000d5580000)
  object space 68608K, 51% used [0x0000000080000000,0x0000000082296120,0x0000000084300000)
 Metaspace       used 50725K, committed 51968K, reserved 1114112K
  class space    used 5775K, committed 6336K, reserved 1048576K
}
Event: 52.513 GC heap after
{Heap after GC invocations=27 (full 2):
 PSYoungGen      total 15360K, used 1016K [0x00000000d5580000, 0x00000000d6d80000, 0x0000000100000000)
  eden space 14336K, 0% used [0x00000000d5580000,0x00000000d5580000,0x00000000d6380000)
  from space 1024K, 99% used [0x00000000d6900000,0x00000000d69fe1a0,0x00000000d6a00000)
  to   space 3584K, 0% used [0x00000000d6a00000,0x00000000d6a00000,0x00000000d6d80000)
 ParOldGen       total 68608K, used 38482K [0x0000000080000000, 0x0000000084300000, 0x00000000d5580000)
  object space 68608K, 56% used [0x0000000080000000,0x0000000082594868,0x0000000084300000)
 Metaspace       used 50725K, committed 51968K, reserved 1114112K
  class space    used 5775K, committed 6336K, reserved 1048576K
}
Event: 53.673 GC heap before
{Heap before GC invocations=28 (full 2):
 PSYoungGen      total 15360K, used 15352K [0x00000000d5580000, 0x00000000d6d80000, 0x0000000100000000)
  eden space 14336K, 100% used [0x00000000d5580000,0x00000000d6380000,0x00000000d6380000)
  from space 1024K, 99% used [0x00000000d6900000,0x00000000d69fe1a0,0x00000000d6a00000)
  to   space 3584K, 0% used [0x00000000d6a00000,0x00000000d6a00000,0x00000000d6d80000)
 ParOldGen       total 68608K, used 38482K [0x0000000080000000, 0x0000000084300000, 0x00000000d5580000)
  object space 68608K, 56% used [0x0000000080000000,0x0000000082594868,0x0000000084300000)
 Metaspace       used 51589K, committed 52928K, reserved 1114112K
  class space    used 5963K, committed 6528K, reserved 1048576K
}
Event: 53.677 GC heap after
{Heap after GC invocations=28 (full 2):
 PSYoungGen      total 15360K, used 816K [0x00000000d5580000, 0x00000000d6b00000, 0x0000000100000000)
  eden space 14336K, 0% used [0x00000000d5580000,0x00000000d5580000,0x00000000d6380000)
  from space 1024K, 79% used [0x00000000d6a00000,0x00000000d6acc010,0x00000000d6b00000)
  to   space 2048K, 0% used [0x00000000d6700000,0x00000000d6700000,0x00000000d6900000)
 ParOldGen       total 68608K, used 39504K [0x0000000080000000, 0x0000000084300000, 0x00000000d5580000)
  object space 68608K, 57% used [0x0000000080000000,0x0000000082694128,0x0000000084300000)
 Metaspace       used 51589K, committed 52928K, reserved 1114112K
  class space    used 5963K, committed 6528K, reserved 1048576K
}
Event: 55.150 GC heap before
{Heap before GC invocations=29 (full 2):
 PSYoungGen      total 15360K, used 15152K [0x00000000d5580000, 0x00000000d6b00000, 0x0000000100000000)
  eden space 14336K, 100% used [0x00000000d5580000,0x00000000d6380000,0x00000000d6380000)
  from space 1024K, 79% used [0x00000000d6a00000,0x00000000d6acc010,0x00000000d6b00000)
  to   space 2048K, 0% used [0x00000000d6700000,0x00000000d6700000,0x00000000d6900000)
 ParOldGen       total 68608K, used 39504K [0x0000000080000000, 0x0000000084300000, 0x00000000d5580000)
  object space 68608K, 57% used [0x0000000080000000,0x0000000082694128,0x0000000084300000)
 Metaspace       used 53368K, committed 54656K, reserved 1114112K
  class space    used 6233K, committed 6784K, reserved 1048576K
}
Event: 55.165 GC heap after
{Heap after GC invocations=29 (full 2):
 PSYoungGen      total 16384K, used 448K [0x00000000d5580000, 0x00000000d6a80000, 0x0000000100000000)
  eden space 14336K, 0% used [0x00000000d5580000,0x00000000d5580000,0x00000000d6380000)
  from space 2048K, 21% used [0x00000000d6700000,0x00000000d6770000,0x00000000d6900000)
  to   space 1024K, 0% used [0x00000000d6980000,0x00000000d6980000,0x00000000d6a80000)
 ParOldGen       total 68608K, used 40208K [0x0000000080000000, 0x0000000084300000, 0x00000000d5580000)
  object space 68608K, 58% used [0x0000000080000000,0x0000000082744158,0x0000000084300000)
 Metaspace       used 53368K, committed 54656K, reserved 1114112K
  class space    used 6233K, committed 6784K, reserved 1048576K
}
Event: 58.665 GC heap before
{Heap before GC invocations=30 (full 2):
 PSYoungGen      total 16384K, used 14583K [0x00000000d5580000, 0x00000000d6a80000, 0x0000000100000000)
  eden space 14336K, 98% used [0x00000000d5580000,0x00000000d634de68,0x00000000d6380000)
  from space 2048K, 21% used [0x00000000d6700000,0x00000000d6770000,0x00000000d6900000)
  to   space 1024K, 0% used [0x00000000d6980000,0x00000000d6980000,0x00000000d6a80000)
 ParOldGen       total 68608K, used 40208K [0x0000000080000000, 0x0000000084300000, 0x00000000d5580000)
  object space 68608K, 58% used [0x0000000080000000,0x0000000082744158,0x0000000084300000)
 Metaspace       used 54705K, committed 56064K, reserved 1114112K
  class space    used 6468K, committed 7104K, reserved 1048576K
}
Event: 58.670 GC heap after
{Heap after GC invocations=30 (full 2):
 PSYoungGen      total 15360K, used 992K [0x00000000d5580000, 0x00000000d6a80000, 0x0000000100000000)
  eden space 14336K, 0% used [0x00000000d5580000,0x00000000d5580000,0x00000000d6380000)
  from space 1024K, 96% used [0x00000000d6980000,0x00000000d6a78220,0x00000000d6a80000)
  to   space 2048K, 0% used [0x00000000d6680000,0x00000000d6680000,0x00000000d6880000)
 ParOldGen       total 68608K, used 40600K [0x0000000080000000, 0x0000000084300000, 0x00000000d5580000)
  object space 68608K, 59% used [0x0000000080000000,0x00000000827a6158,0x0000000084300000)
 Metaspace       used 54705K, committed 56064K, reserved 1114112K
  class space    used 6468K, committed 7104K, reserved 1048576K
}
Event: 59.789 GC heap before
{Heap before GC invocations=31 (full 2):
 PSYoungGen      total 15360K, used 15328K [0x00000000d5580000, 0x00000000d6a80000, 0x0000000100000000)
  eden space 14336K, 100% used [0x00000000d5580000,0x00000000d6380000,0x00000000d6380000)
  from space 1024K, 96% used [0x00000000d6980000,0x00000000d6a78220,0x00000000d6a80000)
  to   space 2048K, 0% used [0x00000000d6680000,0x00000000d6680000,0x00000000d6880000)
 ParOldGen       total 68608K, used 40600K [0x0000000080000000, 0x0000000084300000, 0x00000000d5580000)
  object space 68608K, 59% used [0x0000000080000000,0x00000000827a6158,0x0000000084300000)
 Metaspace       used 56116K, committed 57536K, reserved 1114112K
  class space    used 6682K, committed 7360K, reserved 1048576K
}
Event: 59.792 GC heap after
{Heap after GC invocations=31 (full 2):
 PSYoungGen      total 16384K, used 640K [0x00000000d5580000, 0x00000000d6a00000, 0x0000000100000000)
  eden space 14336K, 0% used [0x00000000d5580000,0x00000000d5580000,0x00000000d6380000)
  from space 2048K, 31% used [0x00000000d6680000,0x00000000d6720000,0x00000000d6880000)
  to   space 1024K, 0% used [0x00000000d6900000,0x00000000d6900000,0x00000000d6a00000)
 ParOldGen       total 68608K, used 41071K [0x0000000080000000, 0x0000000084300000, 0x00000000d5580000)
  object space 68608K, 59% used [0x0000000080000000,0x000000008281be78,0x0000000084300000)
 Metaspace       used 56116K, committed 57536K, reserved 1114112K
  class space    used 6682K, committed 7360K, reserved 1048576K
}
Event: 92.982 GC heap before
{Heap before GC invocations=32 (full 2):
 PSYoungGen      total 16384K, used 14975K [0x00000000d5580000, 0x00000000d6a00000, 0x0000000100000000)
  eden space 14336K, 99% used [0x00000000d5580000,0x00000000d637fff8,0x00000000d6380000)
  from space 2048K, 31% used [0x00000000d6680000,0x00000000d6720000,0x00000000d6880000)
  to   space 1024K, 0% used [0x00000000d6900000,0x00000000d6900000,0x00000000d6a00000)
 ParOldGen       total 68608K, used 41071K [0x0000000080000000, 0x0000000084300000, 0x00000000d5580000)
  object space 68608K, 59% used [0x0000000080000000,0x000000008281be78,0x0000000084300000)
 Metaspace       used 57137K, committed 58624K, reserved 1114112K
  class space    used 6836K, committed 7552K, reserved 1048576K
}
Event: 93.673 GC heap after
{Heap after GC invocations=32 (full 2):
 PSYoungGen      total 14848K, used 416K [0x00000000d5580000, 0x00000000d6980000, 0x0000000100000000)
  eden space 14336K, 0% used [0x00000000d5580000,0x00000000d5580000,0x00000000d6380000)
  from space 512K, 81% used [0x00000000d6900000,0x00000000d6968000,0x00000000d6980000)
  to   space 1024K, 0% used [0x00000000d6780000,0x00000000d6780000,0x00000000d6880000)
 ParOldGen       total 68608K, used 41535K [0x0000000080000000, 0x0000000084300000, 0x00000000d5580000)
  object space 68608K, 60% used [0x0000000080000000,0x000000008288fe78,0x0000000084300000)
 Metaspace       used 57137K, committed 58624K, reserved 1114112K
  class space    used 6836K, committed 7552K, reserved 1048576K
}
Event: 100.914 GC heap before
{Heap before GC invocations=33 (full 2):
 PSYoungGen      total 14848K, used 13457K [0x00000000d5580000, 0x00000000d6980000, 0x0000000100000000)
  eden space 14336K, 90% used [0x00000000d5580000,0x00000000d623c480,0x00000000d6380000)
  from space 512K, 81% used [0x00000000d6900000,0x00000000d6968000,0x00000000d6980000)
  to   space 1024K, 0% used [0x00000000d6780000,0x00000000d6780000,0x00000000d6880000)
 ParOldGen       total 68608K, used 41535K [0x0000000080000000, 0x0000000084300000, 0x00000000d5580000)
  object space 68608K, 60% used [0x0000000080000000,0x000000008288fe78,0x0000000084300000)
 Metaspace       used 58321K, committed 59776K, reserved 1114112K
  class space    used 6964K, committed 7616K, reserved 1048576K
}
Event: 100.921 GC heap after
{Heap after GC invocations=33 (full 2):
 PSYoungGen      total 15360K, used 624K [0x00000000d5580000, 0x00000000d6980000, 0x0000000100000000)
  eden space 14336K, 0% used [0x00000000d5580000,0x00000000d5580000,0x00000000d6380000)
  from space 1024K, 60% used [0x00000000d6780000,0x00000000d681c010,0x00000000d6880000)
  to   space 1024K, 0% used [0x00000000d6880000,0x00000000d6880000,0x00000000d6980000)
 ParOldGen       total 68608K, used 41751K [0x0000000080000000, 0x0000000084300000, 0x00000000d5580000)
  object space 68608K, 60% used [0x0000000080000000,0x00000000828c5e88,0x0000000084300000)
 Metaspace       used 58321K, committed 59776K, reserved 1114112K
  class space    used 6964K, committed 7616K, reserved 1048576K
}
Event: 100.921 GC heap before
{Heap before GC invocations=34 (full 3):
 PSYoungGen      total 15360K, used 624K [0x00000000d5580000, 0x00000000d6980000, 0x0000000100000000)
  eden space 14336K, 0% used [0x00000000d5580000,0x00000000d5580000,0x00000000d6380000)
  from space 1024K, 60% used [0x00000000d6780000,0x00000000d681c010,0x00000000d6880000)
  to   space 1024K, 0% used [0x00000000d6880000,0x00000000d6880000,0x00000000d6980000)
 ParOldGen       total 68608K, used 41751K [0x0000000080000000, 0x0000000084300000, 0x00000000d5580000)
  object space 68608K, 60% used [0x0000000080000000,0x00000000828c5e88,0x0000000084300000)
 Metaspace       used 58321K, committed 59776K, reserved 1114112K
  class space    used 6964K, committed 7616K, reserved 1048576K
}
Event: 106.102 GC heap after
{Heap after GC invocations=34 (full 3):
 PSYoungGen      total 15360K, used 0K [0x00000000d5580000, 0x00000000d6980000, 0x0000000100000000)
  eden space 14336K, 0% used [0x00000000d5580000,0x00000000d5580000,0x00000000d6380000)
  from space 1024K, 0% used [0x00000000d6780000,0x00000000d6780000,0x00000000d6880000)
  to   space 1024K, 0% used [0x00000000d6880000,0x00000000d6880000,0x00000000d6980000)
 ParOldGen       total 68608K, used 39745K [0x0000000080000000, 0x0000000084300000, 0x00000000d5580000)
  object space 68608K, 57% used [0x0000000080000000,0x00000000826d05c0,0x0000000084300000)
 Metaspace       used 58321K, committed 59776K, reserved 1114112K
  class space    used 6964K, committed 7616K, reserved 1048576K
}

