# JRE version: Java(TM) SE Runtime Environment (17.0.17+8) (build 17.0.17+8-LTS-360)
# Java VM: Java HotSpot(TM) 64-Bit Server VM (17.0.17+8-LTS-360, mixed mode, sharing, tiered, compressed oops, compressed class ptrs, g1 gc, windows-amd64)
GC Precious Log:
 CPUs: 12 total, 12 available
 Memory: 5989M
 Large Page Support: Disabled
 NUMA Support: Disabled
 Compressed Oops: Enabled (32-bit)
 Heap Region Size: 1M
 Heap Min Capacity: 8M
 Heap Initial Capacity: 94M
 Heap Max Capacity: 1G
 Pre-touch: Disabled
 Parallel Workers: 10
 Concurrent Workers: 3
 Concurrent Refinement Workers: 10
 Periodic GC: Disabled
Heap:
 garbage-first heap   total 162816K, used 116680K [0x00000000c0000000, 0x0000000100000000)
  region size 1024K, 11 young (11264K), 4 survivors (4096K)
 Metaspace       used 77234K, committed 78080K, reserved 557056K
  class space    used 10757K, committed 11136K, reserved 425984K
GC Heap History (20 events):
Event: 37.421 GC heap before
{Heap before GC invocations=48 (full 0):
 garbage-first heap   total 133120K, used 108199K [0x00000000c0000000, 0x0000000100000000)
  region size 1024K, 32 young (32768K), 4 survivors (4096K)
 Metaspace       used 69814K, committed 70528K, reserved 491520K
  class space    used 9914K, committed 10240K, reserved 425984K
}
Event: 37.426 GC heap after
{Heap after GC invocations=49 (full 0):
 garbage-first heap   total 133120K, used 80461K [0x00000000c0000000, 0x0000000100000000)
  region size 1024K, 4 young (4096K), 4 survivors (4096K)
 Metaspace       used 69814K, committed 70528K, reserved 491520K
  class space    used 9914K, committed 10240K, reserved 425984K
}
Event: 38.176 GC heap before
{Heap before GC invocations=49 (full 0):
 garbage-first heap   total 133120K, used 109133K [0x00000000c0000000, 0x0000000100000000)
  region size 1024K, 32 young (32768K), 4 survivors (4096K)
 Metaspace       used 69815K, committed 70528K, reserved 491520K
  class space    used 9914K, committed 10240K, reserved 425984K
}
Event: 38.180 GC heap after
{Heap after GC invocations=50 (full 0):
 garbage-first heap   total 133120K, used 81230K [0x00000000c0000000, 0x0000000100000000)
  region size 1024K, 4 young (4096K), 4 survivors (4096K)
 Metaspace       used 69815K, committed 70528K, reserved 491520K
  class space    used 9914K, committed 10240K, reserved 425984K
}
Event: 38.894 GC heap before
{Heap before GC invocations=50 (full 0):
 garbage-first heap   total 133120K, used 108878K [0x00000000c0000000, 0x0000000100000000)
  region size 1024K, 31 young (31744K), 4 survivors (4096K)
 Metaspace       used 69818K, committed 70528K, reserved 491520K
  class space    used 9914K, committed 10240K, reserved 425984K
}
Event: 38.898 GC heap after
{Heap after GC invocations=51 (full 0):
 garbage-first heap   total 133120K, used 81902K [0x00000000c0000000, 0x0000000100000000)
  region size 1024K, 4 young (4096K), 4 survivors (4096K)
 Metaspace       used 69818K, committed 70528K, reserved 491520K
  class space    used 9914K, committed 10240K, reserved 425984K
}
Event: 39.607 GC heap before
{Heap before GC invocations=51 (full 0):
 garbage-first heap   total 133120K, used 109550K [0x00000000c0000000, 0x0000000100000000)
  region size 1024K, 31 young (31744K), 4 survivors (4096K)
 Metaspace       used 70385K, committed 71104K, reserved 491520K
  class space    used 9986K, committed 10304K, reserved 425984K
}
Event: 39.612 GC heap after
{Heap after GC invocations=52 (full 0):
 garbage-first heap   total 133120K, used 83411K [0x00000000c0000000, 0x0000000100000000)
  region size 1024K, 4 young (4096K), 4 survivors (4096K)
 Metaspace       used 70385K, committed 71104K, reserved 491520K
  class space    used 9986K, committed 10304K, reserved 425984K
}
Event: 39.933 GC heap before
{Heap before GC invocations=52 (full 0):
 garbage-first heap   total 133120K, used 93651K [0x00000000c0000000, 0x0000000100000000)
  region size 1024K, 11 young (11264K), 4 survivors (4096K)
 Metaspace       used 70612K, committed 71360K, reserved 491520K
  class space    used 10011K, committed 10368K, reserved 425984K
}
Event: 39.937 GC heap after
{Heap after GC invocations=53 (full 0):
 garbage-first heap   total 133120K, used 93007K [0x00000000c0000000, 0x0000000100000000)
  region size 1024K, 4 young (4096K), 4 survivors (4096K)
 Metaspace       used 70612K, committed 71360K, reserved 491520K
  class space    used 10011K, committed 10368K, reserved 425984K
}
Event: 40.357 GC heap before
{Heap before GC invocations=54 (full 0):
 garbage-first heap   total 162816K, used 109391K [0x00000000c0000000, 0x0000000100000000)
  region size 1024K, 18 young (18432K), 4 survivors (4096K)
 Metaspace       used 70792K, committed 71488K, reserved 491520K
  class space    used 10032K, committed 10368K, reserved 425984K
}
Event: 40.365 GC heap after
{Heap after GC invocations=55 (full 0):
 garbage-first heap   total 162816K, used 97524K [0x00000000c0000000, 0x0000000100000000)
  region size 1024K, 3 young (3072K), 3 survivors (3072K)
 Metaspace       used 70792K, committed 71488K, reserved 491520K
  class space    used 10032K, committed 10368K, reserved 425984K
}
Event: 40.497 GC heap before
{Heap before GC invocations=55 (full 0):
 garbage-first heap   total 162816K, used 103668K [0x00000000c0000000, 0x0000000100000000)
  region size 1024K, 7 young (7168K), 3 survivors (3072K)
 Metaspace       used 70975K, committed 71808K, reserved 491520K
  class space    used 10054K, committed 10432K, reserved 425984K
}
Event: 40.501 GC heap after
{Heap after GC invocations=56 (full 0):
 garbage-first heap   total 162816K, used 99998K [0x00000000c0000000, 0x0000000100000000)
  region size 1024K, 1 young (1024K), 1 survivors (1024K)
 Metaspace       used 70975K, committed 71808K, reserved 491520K
  class space    used 10054K, committed 10432K, reserved 425984K
}
Event: 41.266 GC heap before
{Heap before GC invocations=56 (full 0):
 garbage-first heap   total 162816K, used 132766K [0x00000000c0000000, 0x0000000100000000)
  region size 1024K, 33 young (33792K), 1 survivors (1024K)
 Metaspace       used 73408K, committed 74240K, reserved 491520K
  class space    used 10342K, committed 10752K, reserved 425984K
}
Event: 41.269 GC heap after
{Heap after GC invocations=57 (full 0):
 garbage-first heap   total 162816K, used 102724K [0x00000000c0000000, 0x0000000100000000)
  region size 1024K, 3 young (3072K), 3 survivors (3072K)
 Metaspace       used 73408K, committed 74240K, reserved 491520K
  class space    used 10342K, committed 10752K, reserved 425984K
}
Event: 42.036 GC heap before
{Heap before GC invocations=57 (full 0):
 garbage-first heap   total 162816K, used 134468K [0x00000000c0000000, 0x0000000100000000)
  region size 1024K, 34 young (34816K), 3 survivors (3072K)
 Metaspace       used 76308K, committed 77120K, reserved 557056K
  class space    used 10654K, committed 11008K, reserved 425984K
}
Event: 42.039 GC heap after
{Heap after GC invocations=58 (full 0):
 garbage-first heap   total 162816K, used 104421K [0x00000000c0000000, 0x0000000100000000)
  region size 1024K, 4 young (4096K), 4 survivors (4096K)
 Metaspace       used 76308K, committed 77120K, reserved 557056K
  class space    used 10654K, committed 11008K, reserved 425984K
}
Event: 42.271 GC heap before
{Heap before GC invocations=58 (full 0):
 garbage-first heap   total 162816K, used 114661K [0x00000000c0000000, 0x0000000100000000)
  region size 1024K, 12 young (12288K), 4 survivors (4096K)
 Metaspace       used 77227K, committed 78080K, reserved 557056K
  class space    used 10757K, committed 11136K, reserved 425984K
}
Event: 42.276 GC heap after
{Heap after GC invocations=59 (full 0):
 garbage-first heap   total 162816K, used 109512K [0x00000000c0000000, 0x0000000100000000)
  region size 1024K, 4 young (4096K), 4 survivors (4096K)
 Metaspace       used 77227K, committed 78080K, reserved 557056K
  class space    used 10757K, committed 11136K, reserved 425984K
}

