# JRE version: OpenJDK Runtime Environment Temurin-21.0.10+7 (21.0.10+7) (build 21.0.10+7-LTS)
# Java VM: OpenJDK 64-Bit Server VM Temurin-21.0.10+7 (21.0.10+7-LTS, mixed mode, sharing, tiered, compressed oops, compressed class ptrs, g1 gc, windows-amd64)
GC Precious Log:
 CardTable entry size: 512
 Card Set container configuration: InlinePtr #cards 5 size 8 Array Of Cards #cards 12 size 40 Howl #buckets 4 coarsen threshold 1843 Howl Bitmap #cards 512 size 80 coarsen threshold 460 Card regions per heap region 1 cards per card region 2048
 CPUs: 12 total, 12 available
 Memory: 5989M
 Large Page Support: Disabled
 NUMA Support: Disabled
 Compressed Oops: Enabled (32-bit)
 Heap Region Size: 1M
 Heap Min Capacity: 8M
 Heap Initial Capacity: 94M
 Heap Max Capacity: 1G
 Pre-touch: Disabled
 Parallel Workers: 10
 Concurrent Workers: 3
 Concurrent Refinement Workers: 10
 Periodic GC: Disabled
Heap:
 garbage-first heap   total 96256K, used 22742K [0x00000000c0000000, 0x0000000100000000)
  region size 1024K, 8 young (8192K), 6 survivors (6144K)
 Metaspace       used 14759K, committed 15168K, reserved 491520K
  class space    used 2066K, committed 2240K, reserved 425984K
GC Heap History (6 events):
Event: 2.792 GC heap before
{Heap before GC invocations=0 (full 0):
 garbage-first heap   total 96256K, used 22528K [0x00000000c0000000, 0x0000000100000000)
  region size 1024K, 23 young (23552K), 0 survivors (0K)
 Metaspace       used 944K, committed 1088K, reserved 491520K
  class space    used 73K, committed 128K, reserved 425984K
}
Event: 2.835 GC heap after
{Heap after GC invocations=1 (full 0):
 garbage-first heap   total 96256K, used 1504K [0x00000000c0000000, 0x0000000100000000)
  region size 1024K, 2 young (2048K), 2 survivors (2048K)
 Metaspace       used 944K, committed 1088K, reserved 491520K
  class space    used 73K, committed 128K, reserved 425984K
}
Event: 7.836 GC heap before
{Heap before GC invocations=1 (full 0):
 garbage-first heap   total 96256K, used 38368K [0x00000000c0000000, 0x0000000100000000)
  region size 1024K, 36 young (36864K), 2 survivors (2048K)
 Metaspace       used 4351K, committed 4544K, reserved 491520K
  class space    used 557K, committed 640K, reserved 425984K
}
Event: 7.849 GC heap after
{Heap after GC invocations=2 (full 0):
 garbage-first heap   total 96256K, used 10755K [0x00000000c0000000, 0x0000000100000000)
  region size 1024K, 5 young (5120K), 5 survivors (5120K)
 Metaspace       used 4351K, committed 4544K, reserved 491520K
  class space    used 557K, committed 640K, reserved 425984K
}
Event: 10.153 GC heap before
{Heap before GC invocations=2 (full 0):
 garbage-first heap   total 96256K, used 53763K [0x00000000c0000000, 0x0000000100000000)
  region size 1024K, 46 young (47104K), 5 survivors (5120K)
 Metaspace       used 4444K, committed 4608K, reserved 491520K
  class space    used 559K, committed 640K, reserved 425984K
}
Event: 10.207 GC heap after
{Heap after GC invocations=3 (full 0):
 garbage-first heap   total 96256K, used 16182K [0x00000000c0000000, 0x0000000100000000)
  region size 1024K, 4 young (4096K), 4 survivors (4096K)
 Metaspace       used 4444K, committed 4608K, reserved 491520K
  class space    used 559K, committed 640K, reserved 425984K
}

