# JRE version: Java(TM) SE Runtime Environment (17.0.17+8) (build 17.0.17+8-LTS-360)
# Java VM: Java HotSpot(TM) 64-Bit Server VM (17.0.17+8-LTS-360, mixed mode, sharing, tiered, compressed oops, compressed class ptrs, g1 gc, windows-amd64)
GC Precious Log:
 CPUs: 12 total, 12 available
 Memory: 5989M
 Large Page Support: Disabled
 NUMA Support: Disabled
 Compressed Oops: Enabled (32-bit)
 Heap Region Size: 1M
 Heap Min Capacity: 8M
 Heap Initial Capacity: 94M
 Heap Max Capacity: 1G
 Pre-touch: Disabled
 Parallel Workers: 10
 Concurrent Workers: 3
 Concurrent Refinement Workers: 10
 Periodic GC: Disabled
Heap:
 garbage-first heap   total 228352K, used 169869K [0x00000000c0000000, 0x0000000100000000)
  region size 1024K, 50 young (51200K), 7 survivors (7168K)
 Metaspace       used 96620K, committed 97600K, reserved 557056K
  class space    used 13791K, committed 14272K, reserved 425984K
GC Heap History (20 events):
Event: 150.783 GC heap before
{Heap before GC invocations=80 (full 0):
 garbage-first heap   total 129024K, used 116458K [0x00000000c0000000, 0x0000000100000000)
  region size 1024K, 6 young (6144K), 1 survivors (1024K)
 Metaspace       used 77198K, committed 78080K, reserved 557056K
  class space    used 10872K, committed 11328K, reserved 425984K
}
Event: 150.786 GC heap after
{Heap after GC invocations=81 (full 0):
 garbage-first heap   total 129024K, used 112608K [0x00000000c0000000, 0x0000000100000000)
  region size 1024K, 1 young (1024K), 1 survivors (1024K)
 Metaspace       used 77198K, committed 78080K, reserved 557056K
  class space    used 10872K, committed 11328K, reserved 425984K
}
Event: 150.939 GC heap before
{Heap before GC invocations=81 (full 0):
 garbage-first heap   total 129024K, used 117728K [0x00000000c0000000, 0x0000000100000000)
  region size 1024K, 6 young (6144K), 1 survivors (1024K)
 Metaspace       used 77198K, committed 78080K, reserved 557056K
  class space    used 10872K, committed 11328K, reserved 425984K
}
Event: 150.961 GC heap after
{Heap after GC invocations=82 (full 0):
 garbage-first heap   total 129024K, used 113769K [0x00000000c0000000, 0x0000000100000000)
  region size 1024K, 1 young (1024K), 1 survivors (1024K)
 Metaspace       used 77198K, committed 78080K, reserved 557056K
  class space    used 10872K, committed 11328K, reserved 425984K
}
Event: 151.181 GC heap before
{Heap before GC invocations=82 (full 0):
 garbage-first heap   total 129024K, used 118889K [0x00000000c0000000, 0x0000000100000000)
  region size 1024K, 6 young (6144K), 1 survivors (1024K)
 Metaspace       used 77200K, committed 78080K, reserved 557056K
  class space    used 10872K, committed 11328K, reserved 425984K
}
Event: 151.186 GC heap after
{Heap after GC invocations=83 (full 0):
 garbage-first heap   total 129024K, used 114658K [0x00000000c0000000, 0x0000000100000000)
  region size 1024K, 1 young (1024K), 1 survivors (1024K)
 Metaspace       used 77200K, committed 78080K, reserved 557056K
  class space    used 10872K, committed 11328K, reserved 425984K
}
Event: 151.799 GC heap before
{Heap before GC invocations=84 (full 0):
 garbage-first heap   total 193536K, used 124898K [0x00000000c0000000, 0x0000000100000000)
  region size 1024K, 9 young (9216K), 1 survivors (1024K)
 Metaspace       used 77403K, committed 78336K, reserved 557056K
  class space    used 10895K, committed 11328K, reserved 425984K
}
Event: 151.805 GC heap after
{Heap after GC invocations=85 (full 0):
 garbage-first heap   total 193536K, used 118608K [0x00000000c0000000, 0x0000000100000000)
  region size 1024K, 2 young (2048K), 2 survivors (2048K)
 Metaspace       used 77403K, committed 78336K, reserved 557056K
  class space    used 10895K, committed 11328K, reserved 425984K
}
Event: 152.185 GC heap before
{Heap before GC invocations=85 (full 0):
 garbage-first heap   total 193536K, used 129872K [0x00000000c0000000, 0x0000000100000000)
  region size 1024K, 9 young (9216K), 2 survivors (2048K)
 Metaspace       used 77409K, committed 78336K, reserved 557056K
  class space    used 10895K, committed 11328K, reserved 425984K
}
Event: 152.190 GC heap after
{Heap after GC invocations=86 (full 0):
 garbage-first heap   total 193536K, used 110334K [0x00000000c0000000, 0x0000000100000000)
  region size 1024K, 2 young (2048K), 2 survivors (2048K)
 Metaspace       used 77409K, committed 78336K, reserved 557056K
  class space    used 10895K, committed 11328K, reserved 425984K
}
Event: 152.465 GC heap before
{Heap before GC invocations=86 (full 0):
 garbage-first heap   total 193536K, used 117502K [0x00000000c0000000, 0x0000000100000000)
  region size 1024K, 9 young (9216K), 2 survivors (2048K)
 Metaspace       used 77500K, committed 78400K, reserved 557056K
  class space    used 10907K, committed 11328K, reserved 425984K
}
Event: 152.474 GC heap after
{Heap after GC invocations=87 (full 0):
 garbage-first heap   total 228352K, used 106954K [0x00000000c0000000, 0x0000000100000000)
  region size 1024K, 2 young (2048K), 2 survivors (2048K)
 Metaspace       used 77500K, committed 78400K, reserved 557056K
  class space    used 10907K, committed 11328K, reserved 425984K
}
Event: 154.724 GC heap before
{Heap before GC invocations=87 (full 0):
 garbage-first heap   total 228352K, used 168394K [0x00000000c0000000, 0x0000000100000000)
  region size 1024K, 58 young (59392K), 2 survivors (2048K)
 Metaspace       used 83358K, committed 84352K, reserved 557056K
  class space    used 12071K, committed 12544K, reserved 425984K
}
Event: 154.731 GC heap after
{Heap after GC invocations=88 (full 0):
 garbage-first heap   total 228352K, used 115336K [0x00000000c0000000, 0x0000000100000000)
  region size 1024K, 6 young (6144K), 6 survivors (6144K)
 Metaspace       used 83358K, committed 84352K, reserved 557056K
  class space    used 12071K, committed 12544K, reserved 425984K
}
Event: 156.185 GC heap before
{Heap before GC invocations=88 (full 0):
 garbage-first heap   total 228352K, used 169608K [0x00000000c0000000, 0x0000000100000000)
  region size 1024K, 58 young (59392K), 6 survivors (6144K)
 Metaspace       used 87302K, committed 88384K, reserved 557056K
  class space    used 12531K, committed 13056K, reserved 425984K
}
Event: 156.194 GC heap after
{Heap after GC invocations=89 (full 0):
 garbage-first heap   total 228352K, used 120994K [0x00000000c0000000, 0x0000000100000000)
  region size 1024K, 5 young (5120K), 5 survivors (5120K)
 Metaspace       used 87302K, committed 88384K, reserved 557056K
  class space    used 12531K, committed 13056K, reserved 425984K
}
Event: 157.290 GC heap before
{Heap before GC invocations=89 (full 0):
 garbage-first heap   total 228352K, used 178338K [0x00000000c0000000, 0x0000000100000000)
  region size 1024K, 57 young (58368K), 5 survivors (5120K)
 Metaspace       used 90551K, committed 91584K, reserved 557056K
  class space    used 12960K, committed 13440K, reserved 425984K
}
Event: 157.297 GC heap after
{Heap after GC invocations=90 (full 0):
 garbage-first heap   total 228352K, used 124019K [0x00000000c0000000, 0x0000000100000000)
  region size 1024K, 4 young (4096K), 4 survivors (4096K)
 Metaspace       used 90551K, committed 91584K, reserved 557056K
  class space    used 12960K, committed 13440K, reserved 425984K
}
Event: 158.562 GC heap before
{Heap before GC invocations=90 (full 0):
 garbage-first heap   total 228352K, used 178291K [0x00000000c0000000, 0x0000000100000000)
  region size 1024K, 57 young (58368K), 4 survivors (4096K)
 Metaspace       used 93903K, committed 94912K, reserved 557056K
  class space    used 13406K, committed 13888K, reserved 425984K
}
Event: 158.568 GC heap after
{Heap after GC invocations=91 (full 0):
 garbage-first heap   total 228352K, used 126861K [0x00000000c0000000, 0x0000000100000000)
  region size 1024K, 7 young (7168K), 7 survivors (7168K)
 Metaspace       used 93903K, committed 94912K, reserved 557056K
  class space    used 13406K, committed 13888K, reserved 425984K
}

