# JRE version: OpenJDK Runtime Environment Temurin-21.0.10+7 (21.0.10+7) (build 21.0.10+7-LTS)
# Java VM: OpenJDK 64-Bit Server VM Temurin-21.0.10+7 (21.0.10+7-LTS, mixed mode, sharing, tiered, compressed oops, compressed class ptrs, g1 gc, windows-amd64)
GC Precious Log:
 CardTable entry size: 512
 Card Set container configuration: InlinePtr #cards 5 size 8 Array Of Cards #cards 12 size 40 Howl #buckets 4 coarsen threshold 1843 Howl Bitmap #cards 512 size 80 coarsen threshold 460 Card regions per heap region 1 cards per card region 2048
 CPUs: 12 total, 12 available
 Memory: 5989M
 Large Page Support: Disabled
 NUMA Support: Disabled
 Compressed Oops: Enabled (32-bit)
 Heap Region Size: 1M
 Heap Min Capacity: 8M
 Heap Initial Capacity: 94M
 Heap Max Capacity: 1G
 Pre-touch: Disabled
 Parallel Workers: 10
 Concurrent Workers: 3
 Concurrent Refinement Workers: 10
 Periodic GC: Disabled
Heap:
 garbage-first heap   total 312320K, used 188113K [0x00000000c0000000, 0x0000000100000000)
  region size 1024K, 7 young (7168K), 6 survivors (6144K)
 Metaspace       used 164461K, committed 167360K, reserved 622592K
  class space    used 22107K, committed 23552K, reserved 425984K
GC Heap History (20 events):
Event: 154.340 GC heap before
{Heap before GC invocations=50 (full 0):
 garbage-first heap   total 206848K, used 190379K [0x00000000c0000000, 0x0000000100000000)
  region size 1024K, 58 young (59392K), 4 survivors (4096K)
 Metaspace       used 110875K, committed 113344K, reserved 557056K
  class space    used 15898K, committed 17088K, reserved 425984K
}
Event: 154.363 GC heap after
{Heap after GC invocations=51 (full 0):
 garbage-first heap   total 214016K, used 142936K [0x00000000c0000000, 0x0000000100000000)
  region size 1024K, 8 young (8192K), 8 survivors (8192K)
 Metaspace       used 110875K, committed 113344K, reserved 557056K
  class space    used 15898K, committed 17088K, reserved 425984K
}
Event: 155.092 GC heap before
{Heap before GC invocations=51 (full 0):
 garbage-first heap   total 214016K, used 189016K [0x00000000c0000000, 0x0000000100000000)
  region size 1024K, 53 young (54272K), 8 survivors (8192K)
 Metaspace       used 113968K, committed 116288K, reserved 557056K
  class space    used 16270K, committed 17408K, reserved 425984K
}
Event: 155.107 GC heap after
{Heap after GC invocations=52 (full 0):
 garbage-first heap   total 214016K, used 150935K [0x00000000c0000000, 0x0000000100000000)
  region size 1024K, 7 young (7168K), 7 survivors (7168K)
 Metaspace       used 113968K, committed 116288K, reserved 557056K
  class space    used 16270K, committed 17408K, reserved 425984K
}
Event: 156.197 GC heap before
{Heap before GC invocations=53 (full 0):
 garbage-first heap   total 250880K, used 198039K [0x00000000c0000000, 0x0000000100000000)
  region size 1024K, 47 young (48128K), 7 survivors (7168K)
 Metaspace       used 117652K, committed 120000K, reserved 557056K
  class space    used 16648K, committed 17792K, reserved 425984K
}
Event: 156.206 GC heap after
{Heap after GC invocations=54 (full 0):
 garbage-first heap   total 250880K, used 161524K [0x00000000c0000000, 0x0000000100000000)
  region size 1024K, 5 young (5120K), 5 survivors (5120K)
 Metaspace       used 117652K, committed 120000K, reserved 557056K
  class space    used 16648K, committed 17792K, reserved 425984K
}
Event: 157.530 GC heap before
{Heap before GC invocations=54 (full 0):
 garbage-first heap   total 250880K, used 222964K [0x00000000c0000000, 0x0000000100000000)
  region size 1024K, 65 young (66560K), 5 survivors (5120K)
 Metaspace       used 124850K, committed 127552K, reserved 557056K
  class space    used 17483K, committed 18816K, reserved 425984K
}
Event: 157.539 GC heap after
{Heap after GC invocations=55 (full 0):
 garbage-first heap   total 250880K, used 164419K [0x00000000c0000000, 0x0000000100000000)
  region size 1024K, 8 young (8192K), 8 survivors (8192K)
 Metaspace       used 124850K, committed 127552K, reserved 557056K
  class space    used 17483K, committed 18816K, reserved 425984K
}
Event: 158.665 GC heap before
{Heap before GC invocations=55 (full 0):
 garbage-first heap   total 250880K, used 226883K [0x00000000c0000000, 0x0000000100000000)
  region size 1024K, 68 young (69632K), 8 survivors (8192K)
 Metaspace       used 129864K, committed 132544K, reserved 557056K
  class space    used 18117K, committed 19456K, reserved 425984K
}
Event: 158.677 GC heap after
{Heap after GC invocations=56 (full 0):
 garbage-first heap   total 250880K, used 166389K [0x00000000c0000000, 0x0000000100000000)
  region size 1024K, 7 young (7168K), 7 survivors (7168K)
 Metaspace       used 129864K, committed 132544K, reserved 557056K
  class space    used 18117K, committed 19456K, reserved 425984K
}
Event: 168.828 GC heap before
{Heap before GC invocations=56 (full 0):
 garbage-first heap   total 250880K, used 228853K [0x00000000c0000000, 0x0000000100000000)
  region size 1024K, 68 young (69632K), 7 survivors (7168K)
 Metaspace       used 132290K, committed 134976K, reserved 557056K
  class space    used 18376K, committed 19712K, reserved 425984K
}
Event: 168.839 GC heap after
{Heap after GC invocations=57 (full 0):
 garbage-first heap   total 250880K, used 171938K [0x00000000c0000000, 0x0000000100000000)
  region size 1024K, 9 young (9216K), 9 survivors (9216K)
 Metaspace       used 132290K, committed 134976K, reserved 557056K
  class space    used 18376K, committed 19712K, reserved 425984K
}
Event: 170.285 GC heap before
{Heap before GC invocations=58 (full 0):
 garbage-first heap   total 286720K, used 232354K [0x00000000c0000000, 0x0000000100000000)
  region size 1024K, 68 young (69632K), 9 survivors (9216K)
 Metaspace       used 135424K, committed 138112K, reserved 557056K
  class space    used 18736K, committed 20096K, reserved 425984K
}
Event: 170.296 GC heap after
{Heap after GC invocations=59 (full 0):
 garbage-first heap   total 286720K, used 177855K [0x00000000c0000000, 0x0000000100000000)
  region size 1024K, 6 young (6144K), 6 survivors (6144K)
 Metaspace       used 135424K, committed 138112K, reserved 557056K
  class space    used 18736K, committed 20096K, reserved 425984K
}
Event: 172.557 GC heap before
{Heap before GC invocations=59 (full 0):
 garbage-first heap   total 286720K, used 263871K [0x00000000c0000000, 0x0000000100000000)
  region size 1024K, 91 young (93184K), 6 survivors (6144K)
 Metaspace       used 144954K, committed 147840K, reserved 557056K
  class space    used 19809K, committed 21248K, reserved 425984K
}
Event: 172.567 GC heap after
{Heap after GC invocations=60 (full 0):
 garbage-first heap   total 286720K, used 183994K [0x00000000c0000000, 0x0000000100000000)
  region size 1024K, 12 young (12288K), 12 survivors (12288K)
 Metaspace       used 144954K, committed 147840K, reserved 557056K
  class space    used 19809K, committed 21248K, reserved 425984K
}
Event: 176.023 GC heap before
{Heap before GC invocations=60 (full 0):
 garbage-first heap   total 286720K, used 262842K [0x00000000c0000000, 0x0000000100000000)
  region size 1024K, 89 young (91136K), 12 survivors (12288K)
 Metaspace       used 156091K, committed 158912K, reserved 622592K
  class space    used 20803K, committed 22208K, reserved 425984K
}
Event: 176.037 GC heap after
{Heap after GC invocations=61 (full 0):
 garbage-first heap   total 286720K, used 184930K [0x00000000c0000000, 0x0000000100000000)
  region size 1024K, 9 young (9216K), 9 survivors (9216K)
 Metaspace       used 156091K, committed 158912K, reserved 622592K
  class space    used 20803K, committed 22208K, reserved 425984K
}
Event: 176.795 GC heap before
{Heap before GC invocations=61 (full 0):
 garbage-first heap   total 286720K, used 217698K [0x00000000c0000000, 0x0000000100000000)
  region size 1024K, 42 young (43008K), 9 survivors (9216K)
 Metaspace       used 158561K, committed 161472K, reserved 622592K
  class space    used 21166K, committed 22592K, reserved 425984K
}
Event: 176.806 GC heap after
{Heap after GC invocations=62 (full 0):
 garbage-first heap   total 286720K, used 186368K [0x00000000c0000000, 0x0000000100000000)
  region size 1024K, 4 young (4096K), 4 survivors (4096K)
 Metaspace       used 158561K, committed 161472K, reserved 622592K
  class space    used 21166K, committed 22592K, reserved 425984K
}

